     1                                  section .data
     2 00000000 48656C6C6F6F6F2C20-     	msg1 		db	"Hellooo, Assembly!",10,0		; string with NL and 0
     2 00000009 417373656D626C7921-
     2 00000012 0A00               
     3                                  	msg1Len		equ $-msg1-1						; measure the length, minus the 0
     4 00000014 416C69766520616E64-     	msg2		db	"Alive and Kicking!",10,0		; string with NL and 0
     4 0000001D 204B69636B696E6721-
     4 00000026 0A00               
     5                                  	msg2Len		equ $-msg2-1						; measure the length, minus the 0
     6 00000028 6501000000000000        	radius 		dq	357								; no string, not displayable?
     7 00000030 1F85EB51B81E0940        	pi			dq	3.14							; no string, not displayable?
     8                                  section .bss
     9                                  section .text
    10                                  	global main
    11                                  main:
    12 00000000 55                      	push		rbp									; function prologue
    13 00000001 4889E5                  	mov			rbp,rsp								; function prologue
    14 00000004 B801000000              	mov			rax, 1								; 1 = write
    15 00000009 BF01000000              	mov			rdi, 1								; 1 = to stdout
    16 0000000E 48BE-                   	mov			rsi, msg1 							; string to display
    16 00000010 [0000000000000000] 
    17 00000018 BA13000000              	mov			rdx, msg1Len 						; length of the string
    18 0000001D 0F05                    	syscall											; display the string
    19 0000001F B801000000              	mov			rax, 1								; 1 = write
    20 00000024 BF01000000              	mov 		rdi, 1								; 1 = to stdout
    21 00000029 48BE-                   	mov			rsi, msg2							; string to display
    21 0000002B [1400000000000000] 
    22 00000033 BA13000000              	mov			rdx, msg2Len						; length of the string
    23 00000038 0F05                    	syscall											; display the string
    24 0000003A 4889EC                  	mov			rsp, rbp							; function epilogue
    25 0000003D 5D                      	pop 		rbp									; function epilogue
    26 0000003E B83C000000              	mov			rax, 60								; 60 = exit
    27 00000043 BF00000000              	mov 		rdi, 0								; 0 = success exit code
    28 00000048 0F05                    	syscall											; quit
