     1                                  ; extern.asm
     2                                  extern printf
     3                                  extern c_area
     4                                  extern c_circum
     5                                  extern r_area
     6                                  extern r_circum
     7                                  global pi 
     8                                  section .data
     9 00000000 50455254FB210940            pi      dq      3.141592654
    10 00000008 0000000000002440            radius  dq      10.0
    11 00000010 0400000000000000            side1   dq      4
    12 00000018 0500000000000000            side2   dq      5
    13 00000020 25732025660A00              fmtf    db      "%s %f",10,0
    14 00000027 25732025640A00              fmti    db      "%s %d",10,0
    15 0000002E 54686520636972636C-         ca      db      "The circle area is ",10,0
    15 00000037 652061726561206973-
    15 00000040 200A00             
    16 00000043 54686520636972636C-         cc      db      "The circle circumference is ",10,0
    16 0000004C 652063697263756D66-
    16 00000055 6572656E6365206973-
    16 0000005E 200A00             
    17 00000061 546865207265637461-         ra      db      "The rectangle area is ",10,0
    17 0000006A 6E676C652061726561-
    17 00000073 206973200A00       
    18 00000079 546865207265637461-         rc      db      "The rectangle circumference is ",10,0
    18 00000082 6E676C652063697263-
    18 0000008B 756D666572656E6365-
    18 00000094 206973200A00       
    19                                  
    20                                  section .bss
    21                                  section .text
    22                                      global main
    23                                  main:
    24 00000000 55                      push    rbp
    25 00000001 4889E5                  mov     rbp, rsp
    26                                  
    27                                  ; circle area
    28 00000004 F20F100425-                 movsd   xmm0, qword [radius]        ; radius xmm0 argument
    28 00000009 [08000000]         
    29 0000000D E8(00000000)                call    c_area                      ; area returned in xmm0
    30                                      ; print the circle area
    31 00000012 48BF-                       mov     rdi, fmtf
    31 00000014 [2000000000000000] 
    32 0000001C 48BE-                       mov     rsi, ca
    32 0000001E [2E00000000000000] 
    33 00000026 B801000000                  mov     rax, 1
    34 0000002B E8(00000000)                call    printf
    35                                  
    36                                  ; circle circumference
    37 00000030 F20F100425-                 movsd   xmm0, qword [radius]        ; radius xmm0 argument
    37 00000035 [08000000]         
    38 00000039 E8(00000000)                call    c_circum                    ; circumference in xmm0
    39                                      ; print the circle circumference
    40 0000003E 48BF-                       mov     rdi, fmtf
    40 00000040 [2000000000000000] 
    41 00000048 48BE-                       mov     rsi, cc
    41 0000004A [4300000000000000] 
    42 00000052 B801000000                  mov     rax, 1
    43 00000057 E8(00000000)                call    printf
    44                                      
    45                                  ; rectangle area
    46 0000005C 488B3C25[10000000]          mov     rdi, [side1]
    47 00000064 488B3425[18000000]          mov     rsi, [side2]
    48 0000006C E8(00000000)                call    r_area                      ; area returned in rax
    49                                      ; print the rectangle area
    50 00000071 48BF-                       mov     rdi, fmti
    50 00000073 [2700000000000000] 
    51 0000007B 48BE-                       mov     rsi, ra
    51 0000007D [6100000000000000] 
    52 00000085 4889C2                      mov     rdx, rax
    53 00000088 B800000000                  mov     rax, 0
    54 0000008D E8(00000000)                call    printf
    55                                      
    56                                  ; rectangle circumference
    57 00000092 488B3C25[10000000]          mov     rdi, [side1]
    58 0000009A 488B3425[18000000]          mov     rsi, [side2]
    59 000000A2 E8(00000000)                call    r_circum                    ; circumference in rax
    60                                      ; print the rectangle circumference
    61 000000A7 48BF-                       mov     rdi, fmti
    61 000000A9 [2700000000000000] 
    62 000000B1 48BE-                       mov     rsi, rc
    62 000000B3 [7900000000000000] 
    63 000000BB 4889C2                      mov     rdx, rax
    64 000000BE B800000000                  mov     rax, 0
    65 000000C3 E8(00000000)                call    printf
    66 000000C8 4889EC                  mov rsp, rbp
    67 000000CB 5D                      pop rbp
    68 000000CC C3                      ret
