     1                                  ; macro.asm
     2                                  extern printf
     3                                  %define     double_it(r)        sal r, 1        ; single line macro
     4                                  
     5                                  %macro      prntf 2                              ; multiline macro with 2 arguments
     6                                      section .data
     7                                      %%arg1      db      %1,0                    ; first argument
     8                                      %%fmtint    db      "%s %ld",10,0           ; formatstring
     9                                      section .text                               ; the printf arguments
    10                                      mov     rdi, %%fmtint
    11                                      mov     rsi, %%arg1
    12                                      mov     rdx, [%2]                           ; the second argument
    13                                      mov     rax, 0                              ; no floating point
    14                                      call    printf
    15                                  %endmacro
    16                                  
    17                                  section .data
    18 00000000 0F00000000000000            number      dq      15
    19                                  section .bss
    20                                  section .text
    21                                      global main
    22                                  main:
    23 00000000 55                          push    rbp
    24 00000001 4889E5                      mov     rbp, rsp
    25                                      prntf   "The number is", number
    25                              <1>  section .data
    25 00000008 546865206E756D6265- <1>  %%arg1 db %1,0
    25 00000011 7220697300          <1>
    25 00000016 257320256C640A00    <1>  %%fmtint db "%s %ld",10,0
    25                              <1>  section .text
    25 00000004 48BF-               <1>  mov rdi, %%fmtint
    25 00000006 [1600000000000000]  <1>
    25 0000000E 48BE-               <1>  mov rsi, %%arg1
    25 00000010 [0800000000000000]  <1>
    25 00000018 488B1425[00000000]  <1>  mov rdx, [%2]
    25 00000020 B800000000          <1>  mov rax, 0
    25 00000025 E8(00000000)        <1>  call printf
    26 0000002A 488B0425[00000000]          mov     rax, [number]
    27 00000032 48D1E0                      double_it(rax)
    28 00000035 48890425[00000000]          mov     [number], rax
    29                                      prntf  "The number times 2 is", number
    29                              <1>  section .data
    29 0000001E 546865206E756D6265- <1>  %%arg1 db %1,0
    29 00000027 722074696D65732032- <1>
    29 00000030 20697300            <1>
    29 00000034 257320256C640A00    <1>  %%fmtint db "%s %ld",10,0
    29                              <1>  section .text
    29 0000003D 48BF-               <1>  mov rdi, %%fmtint
    29 0000003F [3400000000000000]  <1>
    29 00000047 48BE-               <1>  mov rsi, %%arg1
    29 00000049 [1E00000000000000]  <1>
    29 00000051 488B1425[00000000]  <1>  mov rdx, [%2]
    29 00000059 B800000000          <1>  mov rax, 0
    29 0000005E E8(00000000)        <1>  call printf
    30 00000063 C9                      leave
    31 00000064 C3                      ret
