     1                                  ; bits1.asm
     2                                  extern printb
     3                                  extern printf
     4                                  section .data
     5 00000000 4E756D62657220310A-         msgn1       db      "Number 1",10,0
     5 00000009 00                 
     6 0000000A 4E756D62657220320A-         msgn2       db      "Number 2",10,0
     6 00000013 00                 
     7 00000014 584F520A00                  msg1        db      "XOR",10,0
     8 00000019 4F520A00                    msg2        db      "OR",10,0
     9 0000001D 414E440A00                  msg3        db      "AND",10,0
    10 00000022 4E4F54206E756D6265-         msg4        db      "NOT number 1",10,0
    10 0000002B 7220310A00         
    11 00000030 53484C2032206C6F77-         msg5        db      "SHL 2 lower byte of number 1",10,0
    11 00000039 65722062797465206F-
    11 00000042 66206E756D62657220-
    11 0000004B 310A00             
    12 0000004E 5348522032206C6F77-         msg6        db      "SHR 2 lower byte of number 1",10,0
    12 00000057 65722062797465206F-
    12 00000060 66206E756D62657220-
    12 00000069 310A00             
    13 0000006C 53414C2032206C6F77-         msg7        db      "SAL 2 lower byte of number 1",10,0
    13 00000075 65722062797465206F-
    13 0000007E 66206E756D62657220-
    13 00000087 310A00             
    14 0000008A 5341522032206C6F77-         msg8        db      "SAR 2 lower byte of number 1",10,0
    14 00000093 65722062797465206F-
    14 0000009C 66206E756D62657220-
    14 000000A5 310A00             
    15 000000A8 524F4C2032206C6F77-         msg9        db      "ROL 2 lower byte of number 1",10,0
    15 000000B1 65722062797465206F-
    15 000000BA 66206E756D62657220-
    15 000000C3 310A00             
    16 000000C6 524F4C2032206C6F77-         msg10       db      "ROL 2 lower byte of number 2",10,0
    16 000000CF 65722062797465206F-
    16 000000D8 66206E756D62657220-
    16 000000E1 320A00             
    17 000000E4 524F4C2032206C6F77-         msg11       db      "ROL 2 lower byte of number 1",10,0
    17 000000ED 65722062797465206F-
    17 000000F6 66206E756D62657220-
    17 000000FF 310A00             
    18 00000102 524F4C2032206C6F77-         msg12       db      "ROL 2 lower byte of number 2",10,0
    18 0000010B 65722062797465206F-
    18 00000114 66206E756D62657220-
    18 0000011D 320A00             
    19 00000120 B8FFFFFFFFFFFFFF            number1     dq      -72
    20 00000128 2804000000000000            number2     dq      1064
    21                                  section .bss
    22                                  section .text
    23                                      global main
    24                                  main:
    25 00000000 55                          push    rbp
    26 00000001 4889E5                      mov     rbp, rsp
    27                                      ; print number 1
    28 00000004 48BE-                       mov     rsi, msgn1
    28 00000006 [0000000000000000] 
    29 0000000E E8D2010000                  call    printmsg
    30 00000013 488B3C25[20010000]          mov     rdi, [number1]
    31 0000001B E8(00000000)                call    printb
    32                                      ; print number2
    33 00000020 48BE-                       mov     rsi, msgn2
    33 00000022 [0A00000000000000] 
    34 0000002A E8B6010000                  call    printmsg
    35 0000002F 488B3C25[28010000]          mov     rdi, [number2]
    36 00000037 E8(00000000)                call    printb
    37                                      
    38                                      ; print XOR
    39 0000003C 48BE-                       mov     rsi, msg1
    39 0000003E [1400000000000000] 
    40 00000046 E89A010000                  call    printmsg
    41                                      ; xor and print
    42 0000004B 488B0425[20010000]          mov     rax, [number1]
    43 00000053 48330425[28010000]          xor     rax, [number2]
    44 0000005B 4889C7                      mov     rdi, rax
    45 0000005E E8(00000000)                call    printb
    46                                      
    47                                      ; print OR
    48 00000063 48BE-                       mov     rsi, msg2
    48 00000065 [1900000000000000] 
    49 0000006D E873010000                  call    printmsg
    50                                      ; or and print
    51 00000072 488B0425[20010000]          mov     rax, [number1]
    52 0000007A 480B0425[28010000]          or     rax, [number2]
    53 00000082 4889C7                      mov     rdi, rax
    54 00000085 E8(00000000)                call    printb
    55                                      
    56                                      ; print AND
    57 0000008A 48BE-                       mov     rsi, msg3
    57 0000008C [1D00000000000000] 
    58 00000094 E84C010000                  call    printmsg
    59                                      ; and and print
    60 00000099 488B0425[20010000]          mov     rax, [number1]
    61 000000A1 48230425[28010000]          and     rax, [number2]
    62 000000A9 4889C7                      mov     rdi, rax
    63 000000AC E8(00000000)                call    printb
    64                                      
    65                                      ; print NOT
    66 000000B1 48BE-                       mov     rsi, msg4
    66 000000B3 [2200000000000000] 
    67 000000BB E825010000                  call    printmsg
    68                                      ; not and print
    69 000000C0 488B0425[20010000]          mov     rax, [number1]
    70 000000C8 48F7D0                      not     rax
    71 000000CB 4889C7                      mov     rdi, rax
    72 000000CE E8(00000000)                call    printb
    73                                      
    74                                      ; print SHL
    75 000000D3 48BE-                       mov     rsi, msg5
    75 000000D5 [3000000000000000] 
    76 000000DD E803010000                  call    printmsg
    77                                      ; shl and print
    78 000000E2 488B0425[20010000]          mov     rax, [number1]
    79 000000EA C0E002                      shl     al, 2
    80 000000ED 4889C7                      mov     rdi, rax
    81 000000F0 E8(00000000)                call    printb
    82                                      
    83                                      ; print SHR
    84 000000F5 48BE-                       mov     rsi, msg6
    84 000000F7 [4E00000000000000] 
    85 000000FF E8E1000000                  call    printmsg
    86                                      ; shr and print
    87 00000104 488B0425[20010000]          mov     rax, [number1]
    88 0000010C C0E802                      shr     al, 2
    89 0000010F 4889C7                      mov     rdi, rax
    90 00000112 E8(00000000)                call    printb
    91                                      
    92                                      ; print SAL
    93 00000117 48BE-                       mov     rsi, msg7
    93 00000119 [6C00000000000000] 
    94 00000121 E8BF000000                  call    printmsg
    95                                      ; sal and print
    96 00000126 488B0425[20010000]          mov     rax, [number1]
    97 0000012E C0E002                      sal     al, 2
    98 00000131 4889C7                      mov     rdi, rax
    99 00000134 E8(00000000)                call    printb
   100                                      
   101                                      ; print SAR
   102 00000139 48BE-                       mov     rsi, msg8
   102 0000013B [8A00000000000000] 
   103 00000143 E89D000000                  call    printmsg
   104                                      ; sar and print
   105 00000148 488B0425[20010000]          mov     rax, [number1]
   106 00000150 C0F802                      sar     al, 2
   107 00000153 4889C7                      mov     rdi, rax
   108 00000156 E8(00000000)                call    printb
   109                                      
   110                                      
   111                                      ; print ROL
   112 0000015B 48BE-                       mov     rsi, msg9
   112 0000015D [A800000000000000] 
   113 00000165 E87B000000                  call    printmsg
   114                                      ; rol and print
   115 0000016A 488B0425[20010000]          mov     rax, [number1]
   116 00000172 C0C002                      rol     al, 2
   117 00000175 4889C7                      mov     rdi, rax
   118 00000178 E8(00000000)                call    printb
   119 0000017D 48BE-                       mov     rsi, msg10
   119 0000017F [C600000000000000] 
   120 00000187 E859000000                  call    printmsg
   121 0000018C 488B0425[28010000]          mov     rax, [number2]
   122 00000194 C0C002                      rol     al, 2
   123 00000197 4889C7                      mov     rdi, rax
   124 0000019A E8(00000000)                call    printb
   125                                      
   126                                      ; print ROR
   127 0000019F 48BE-                       mov     rsi, msg11
   127 000001A1 [E400000000000000] 
   128 000001A9 E837000000                  call    printmsg
   129                                      ; ror and print
   130 000001AE 488B0425[20010000]          mov     rax, [number1]
   131 000001B6 C0C802                      ror     al, 2
   132 000001B9 4889C7                      mov     rdi, rax
   133 000001BC E8(00000000)                call    printb
   134 000001C1 48BE-                       mov     rsi, msg12
   134 000001C3 [0201000000000000] 
   135 000001CB E815000000                  call    printmsg
   136 000001D0 488B0425[28010000]          mov     rax, [number2]
   137 000001D8 C0C802                      ror     al, 2
   138 000001DB 4889C7                      mov     rdi, rax
   139 000001DE E8(00000000)                call    printb
   140 000001E3 C9                      leave
   141 000001E4 C3                      ret
   142                                  printmsg:       ; print the heading for every bit operation
   143                                  
   144                                  section .data
   145 00000130 257300                      .fmtstr db      "%s",0
   146                                  section .text
   147 000001E5 48BF-                       mov     rdi, .fmtstr
   147 000001E7 [3001000000000000] 
   148 000001EF B800000000                  mov     rax, 0
   149 000001F4 E8(00000000)                call    printf
   150 000001F9 C3                          ret
   151                                      
